2018/11/17 17:07:46 [error] [php] Undefined offset: 3 (/var/www/html/RadarHospital/protected/views/default/createHospital.php:172)
Stack trace:
#0 /var/www/html/yii/framework/web/CController.php(872): DefaultController->renderFile()
#1 /var/www/html/yii/framework/web/CController.php(785): DefaultController->renderPartial()
#2 /var/www/html/RadarHospital/protected/controllers/DefaultController.php(550): DefaultController->render()
#3 /var/www/html/yii/framework/web/actions/CInlineAction.php(49): DefaultController->actionCreateHospital()
#4 /var/www/html/yii/framework/web/CController.php(308): CInlineAction->runWithParams()
#5 /var/www/html/yii/framework/web/CController.php(286): DefaultController->runAction()
#6 /var/www/html/yii/framework/web/CController.php(265): DefaultController->runActionWithFilters()
#7 /var/www/html/yii/framework/web/CWebApplication.php(282): DefaultController->run()
#8 /var/www/html/yii/framework/web/CWebApplication.php(141): CWebApplication->runController()
#9 /var/www/html/yii/framework/base/CApplication.php(185): CWebApplication->processRequest()
#10 /var/www/html/RadarHospital/index.php(13): CWebApplication->run()
REQUEST_URI=/RadarHospital/index.php/Default/createHospital
2018/11/17 19:02:15 [error] [php] Undefined offset: 0 (/var/www/html/RadarHospital/protected/views/default/createHospital.php:113)
Stack trace:
#0 /var/www/html/yii/framework/web/CController.php(872): DefaultController->renderFile()
#1 /var/www/html/yii/framework/web/CController.php(785): DefaultController->renderPartial()
#2 /var/www/html/RadarHospital/protected/controllers/DefaultController.php(550): DefaultController->render()
#3 /var/www/html/yii/framework/web/actions/CInlineAction.php(49): DefaultController->actionCreateHospital()
#4 /var/www/html/yii/framework/web/CController.php(308): CInlineAction->runWithParams()
#5 /var/www/html/yii/framework/web/CController.php(286): DefaultController->runAction()
#6 /var/www/html/yii/framework/web/CController.php(265): DefaultController->runActionWithFilters()
#7 /var/www/html/yii/framework/web/CWebApplication.php(282): DefaultController->run()
#8 /var/www/html/yii/framework/web/CWebApplication.php(141): CWebApplication->runController()
#9 /var/www/html/yii/framework/base/CApplication.php(185): CWebApplication->processRequest()
#10 /var/www/html/RadarHospital/index.php(13): CWebApplication->run()
REQUEST_URI=/RadarHospital/index.php/Default/createHospital
2018/11/17 19:07:08 [error] [php] Undefined offset: 0 (/var/www/html/RadarHospital/protected/views/default/createHospital.php:120)
Stack trace:
#0 /var/www/html/yii/framework/web/CController.php(872): DefaultController->renderFile()
#1 /var/www/html/yii/framework/web/CController.php(785): DefaultController->renderPartial()
#2 /var/www/html/RadarHospital/protected/controllers/DefaultController.php(550): DefaultController->render()
#3 /var/www/html/yii/framework/web/actions/CInlineAction.php(49): DefaultController->actionCreateHospital()
#4 /var/www/html/yii/framework/web/CController.php(308): CInlineAction->runWithParams()
#5 /var/www/html/yii/framework/web/CController.php(286): DefaultController->runAction()
#6 /var/www/html/yii/framework/web/CController.php(265): DefaultController->runActionWithFilters()
#7 /var/www/html/yii/framework/web/CWebApplication.php(282): DefaultController->run()
#8 /var/www/html/yii/framework/web/CWebApplication.php(141): CWebApplication->runController()
#9 /var/www/html/yii/framework/base/CApplication.php(185): CWebApplication->processRequest()
#10 /var/www/html/RadarHospital/index.php(13): CWebApplication->run()
REQUEST_URI=/RadarHospital/index.php/Default/createHospital
2018/11/17 19:14:18 [error] [php] Undefined offset: 3 (/var/www/html/RadarHospital/protected/views/default/createHospital.php:169)
Stack trace:
#0 /var/www/html/yii/framework/web/CController.php(872): DefaultController->renderFile()
#1 /var/www/html/yii/framework/web/CController.php(785): DefaultController->renderPartial()
#2 /var/www/html/RadarHospital/protected/controllers/DefaultController.php(550): DefaultController->render()
#3 /var/www/html/yii/framework/web/actions/CInlineAction.php(49): DefaultController->actionCreateHospital()
#4 /var/www/html/yii/framework/web/CController.php(308): CInlineAction->runWithParams()
#5 /var/www/html/yii/framework/web/CController.php(286): DefaultController->runAction()
#6 /var/www/html/yii/framework/web/CController.php(265): DefaultController->runActionWithFilters()
#7 /var/www/html/yii/framework/web/CWebApplication.php(282): DefaultController->run()
#8 /var/www/html/yii/framework/web/CWebApplication.php(141): CWebApplication->runController()
#9 /var/www/html/yii/framework/base/CApplication.php(185): CWebApplication->processRequest()
#10 /var/www/html/RadarHospital/index.php(13): CWebApplication->run()
REQUEST_URI=/RadarHospital/index.php/Default/createHospital
2018/11/17 19:14:20 [error] [php] Undefined offset: 3 (/var/www/html/RadarHospital/protected/views/default/createHospital.php:169)
Stack trace:
#0 /var/www/html/yii/framework/web/CController.php(872): DefaultController->renderFile()
#1 /var/www/html/yii/framework/web/CController.php(785): DefaultController->renderPartial()
#2 /var/www/html/RadarHospital/protected/controllers/DefaultController.php(550): DefaultController->render()
#3 /var/www/html/yii/framework/web/actions/CInlineAction.php(49): DefaultController->actionCreateHospital()
#4 /var/www/html/yii/framework/web/CController.php(308): CInlineAction->runWithParams()
#5 /var/www/html/yii/framework/web/CController.php(286): DefaultController->runAction()
#6 /var/www/html/yii/framework/web/CController.php(265): DefaultController->runActionWithFilters()
#7 /var/www/html/yii/framework/web/CWebApplication.php(282): DefaultController->run()
#8 /var/www/html/yii/framework/web/CWebApplication.php(141): CWebApplication->runController()
#9 /var/www/html/yii/framework/base/CApplication.php(185): CWebApplication->processRequest()
#10 /var/www/html/RadarHospital/index.php(13): CWebApplication->run()
REQUEST_URI=/RadarHospital/index.php/Default/createHospital
2018/11/17 19:19:19 [error] [php] Undefined offset: 3 (/var/www/html/RadarHospital/protected/views/default/createHospital.php:170)
Stack trace:
#0 /var/www/html/yii/framework/web/CController.php(872): DefaultController->renderFile()
#1 /var/www/html/yii/framework/web/CController.php(785): DefaultController->renderPartial()
#2 /var/www/html/RadarHospital/protected/controllers/DefaultController.php(550): DefaultController->render()
#3 /var/www/html/yii/framework/web/actions/CInlineAction.php(49): DefaultController->actionCreateHospital()
#4 /var/www/html/yii/framework/web/CController.php(308): CInlineAction->runWithParams()
#5 /var/www/html/yii/framework/web/CController.php(286): DefaultController->runAction()
#6 /var/www/html/yii/framework/web/CController.php(265): DefaultController->runActionWithFilters()
#7 /var/www/html/yii/framework/web/CWebApplication.php(282): DefaultController->run()
#8 /var/www/html/yii/framework/web/CWebApplication.php(141): CWebApplication->runController()
#9 /var/www/html/yii/framework/base/CApplication.php(185): CWebApplication->processRequest()
#10 /var/www/html/RadarHospital/index.php(13): CWebApplication->run()
REQUEST_URI=/RadarHospital/index.php/Default/createHospital
2018/11/17 19:19:41 [error] [php] Undefined offset: 3 (/var/www/html/RadarHospital/protected/views/default/createHospital.php:170)
Stack trace:
#0 /var/www/html/yii/framework/web/CController.php(872): DefaultController->renderFile()
#1 /var/www/html/yii/framework/web/CController.php(785): DefaultController->renderPartial()
#2 /var/www/html/RadarHospital/protected/controllers/DefaultController.php(550): DefaultController->render()
#3 /var/www/html/yii/framework/web/actions/CInlineAction.php(49): DefaultController->actionCreateHospital()
#4 /var/www/html/yii/framework/web/CController.php(308): CInlineAction->runWithParams()
#5 /var/www/html/yii/framework/web/CController.php(286): DefaultController->runAction()
#6 /var/www/html/yii/framework/web/CController.php(265): DefaultController->runActionWithFilters()
#7 /var/www/html/yii/framework/web/CWebApplication.php(282): DefaultController->run()
#8 /var/www/html/yii/framework/web/CWebApplication.php(141): CWebApplication->runController()
#9 /var/www/html/yii/framework/base/CApplication.php(185): CWebApplication->processRequest()
#10 /var/www/html/RadarHospital/index.php(13): CWebApplication->run()
REQUEST_URI=/RadarHospital/index.php/Default/createHospital
2018/11/17 19:19:42 [error] [php] Undefined offset: 3 (/var/www/html/RadarHospital/protected/views/default/createHospital.php:170)
Stack trace:
#0 /var/www/html/yii/framework/web/CController.php(872): DefaultController->renderFile()
#1 /var/www/html/yii/framework/web/CController.php(785): DefaultController->renderPartial()
#2 /var/www/html/RadarHospital/protected/controllers/DefaultController.php(550): DefaultController->render()
#3 /var/www/html/yii/framework/web/actions/CInlineAction.php(49): DefaultController->actionCreateHospital()
#4 /var/www/html/yii/framework/web/CController.php(308): CInlineAction->runWithParams()
#5 /var/www/html/yii/framework/web/CController.php(286): DefaultController->runAction()
#6 /var/www/html/yii/framework/web/CController.php(265): DefaultController->runActionWithFilters()
#7 /var/www/html/yii/framework/web/CWebApplication.php(282): DefaultController->run()
#8 /var/www/html/yii/framework/web/CWebApplication.php(141): CWebApplication->runController()
#9 /var/www/html/yii/framework/base/CApplication.php(185): CWebApplication->processRequest()
#10 /var/www/html/RadarHospital/index.php(13): CWebApplication->run()
REQUEST_URI=/RadarHospital/index.php/Default/createHospital
2018/11/17 19:19:42 [error] [php] Undefined offset: 3 (/var/www/html/RadarHospital/protected/views/default/createHospital.php:170)
Stack trace:
#0 /var/www/html/yii/framework/web/CController.php(872): DefaultController->renderFile()
#1 /var/www/html/yii/framework/web/CController.php(785): DefaultController->renderPartial()
#2 /var/www/html/RadarHospital/protected/controllers/DefaultController.php(550): DefaultController->render()
#3 /var/www/html/yii/framework/web/actions/CInlineAction.php(49): DefaultController->actionCreateHospital()
#4 /var/www/html/yii/framework/web/CController.php(308): CInlineAction->runWithParams()
#5 /var/www/html/yii/framework/web/CController.php(286): DefaultController->runAction()
#6 /var/www/html/yii/framework/web/CController.php(265): DefaultController->runActionWithFilters()
#7 /var/www/html/yii/framework/web/CWebApplication.php(282): DefaultController->run()
#8 /var/www/html/yii/framework/web/CWebApplication.php(141): CWebApplication->runController()
#9 /var/www/html/yii/framework/base/CApplication.php(185): CWebApplication->processRequest()
#10 /var/www/html/RadarHospital/index.php(13): CWebApplication->run()
REQUEST_URI=/RadarHospital/index.php/Default/createHospital
2018/11/17 19:19:42 [error] [php] Undefined offset: 3 (/var/www/html/RadarHospital/protected/views/default/createHospital.php:170)
Stack trace:
#0 /var/www/html/yii/framework/web/CController.php(872): DefaultController->renderFile()
#1 /var/www/html/yii/framework/web/CController.php(785): DefaultController->renderPartial()
#2 /var/www/html/RadarHospital/protected/controllers/DefaultController.php(550): DefaultController->render()
#3 /var/www/html/yii/framework/web/actions/CInlineAction.php(49): DefaultController->actionCreateHospital()
#4 /var/www/html/yii/framework/web/CController.php(308): CInlineAction->runWithParams()
#5 /var/www/html/yii/framework/web/CController.php(286): DefaultController->runAction()
#6 /var/www/html/yii/framework/web/CController.php(265): DefaultController->runActionWithFilters()
#7 /var/www/html/yii/framework/web/CWebApplication.php(282): DefaultController->run()
#8 /var/www/html/yii/framework/web/CWebApplication.php(141): CWebApplication->runController()
#9 /var/www/html/yii/framework/base/CApplication.php(185): CWebApplication->processRequest()
#10 /var/www/html/RadarHospital/index.php(13): CWebApplication->run()
REQUEST_URI=/RadarHospital/index.php/Default/createHospital
2018/11/17 19:19:42 [error] [php] Undefined offset: 3 (/var/www/html/RadarHospital/protected/views/default/createHospital.php:170)
Stack trace:
#0 /var/www/html/yii/framework/web/CController.php(872): DefaultController->renderFile()
#1 /var/www/html/yii/framework/web/CController.php(785): DefaultController->renderPartial()
#2 /var/www/html/RadarHospital/protected/controllers/DefaultController.php(550): DefaultController->render()
#3 /var/www/html/yii/framework/web/actions/CInlineAction.php(49): DefaultController->actionCreateHospital()
#4 /var/www/html/yii/framework/web/CController.php(308): CInlineAction->runWithParams()
#5 /var/www/html/yii/framework/web/CController.php(286): DefaultController->runAction()
#6 /var/www/html/yii/framework/web/CController.php(265): DefaultController->runActionWithFilters()
#7 /var/www/html/yii/framework/web/CWebApplication.php(282): DefaultController->run()
#8 /var/www/html/yii/framework/web/CWebApplication.php(141): CWebApplication->runController()
#9 /var/www/html/yii/framework/base/CApplication.php(185): CWebApplication->processRequest()
#10 /var/www/html/RadarHospital/index.php(13): CWebApplication->run()
REQUEST_URI=/RadarHospital/index.php/Default/createHospital
2018/11/17 19:19:43 [error] [php] Undefined offset: 3 (/var/www/html/RadarHospital/protected/views/default/createHospital.php:170)
Stack trace:
#0 /var/www/html/yii/framework/web/CController.php(872): DefaultController->renderFile()
#1 /var/www/html/yii/framework/web/CController.php(785): DefaultController->renderPartial()
#2 /var/www/html/RadarHospital/protected/controllers/DefaultController.php(550): DefaultController->render()
#3 /var/www/html/yii/framework/web/actions/CInlineAction.php(49): DefaultController->actionCreateHospital()
#4 /var/www/html/yii/framework/web/CController.php(308): CInlineAction->runWithParams()
#5 /var/www/html/yii/framework/web/CController.php(286): DefaultController->runAction()
#6 /var/www/html/yii/framework/web/CController.php(265): DefaultController->runActionWithFilters()
#7 /var/www/html/yii/framework/web/CWebApplication.php(282): DefaultController->run()
#8 /var/www/html/yii/framework/web/CWebApplication.php(141): CWebApplication->runController()
#9 /var/www/html/yii/framework/base/CApplication.php(185): CWebApplication->processRequest()
#10 /var/www/html/RadarHospital/index.php(13): CWebApplication->run()
REQUEST_URI=/RadarHospital/index.php/Default/createHospital
2018/11/17 19:19:43 [error] [php] Undefined offset: 3 (/var/www/html/RadarHospital/protected/views/default/createHospital.php:170)
Stack trace:
#0 /var/www/html/yii/framework/web/CController.php(872): DefaultController->renderFile()
#1 /var/www/html/yii/framework/web/CController.php(785): DefaultController->renderPartial()
#2 /var/www/html/RadarHospital/protected/controllers/DefaultController.php(550): DefaultController->render()
#3 /var/www/html/yii/framework/web/actions/CInlineAction.php(49): DefaultController->actionCreateHospital()
#4 /var/www/html/yii/framework/web/CController.php(308): CInlineAction->runWithParams()
#5 /var/www/html/yii/framework/web/CController.php(286): DefaultController->runAction()
#6 /var/www/html/yii/framework/web/CController.php(265): DefaultController->runActionWithFilters()
#7 /var/www/html/yii/framework/web/CWebApplication.php(282): DefaultController->run()
#8 /var/www/html/yii/framework/web/CWebApplication.php(141): CWebApplication->runController()
#9 /var/www/html/yii/framework/base/CApplication.php(185): CWebApplication->processRequest()
#10 /var/www/html/RadarHospital/index.php(13): CWebApplication->run()
REQUEST_URI=/RadarHospital/index.php/Default/createHospital
2018/11/17 19:19:43 [error] [php] Undefined offset: 3 (/var/www/html/RadarHospital/protected/views/default/createHospital.php:170)
Stack trace:
#0 /var/www/html/yii/framework/web/CController.php(872): DefaultController->renderFile()
#1 /var/www/html/yii/framework/web/CController.php(785): DefaultController->renderPartial()
#2 /var/www/html/RadarHospital/protected/controllers/DefaultController.php(550): DefaultController->render()
#3 /var/www/html/yii/framework/web/actions/CInlineAction.php(49): DefaultController->actionCreateHospital()
#4 /var/www/html/yii/framework/web/CController.php(308): CInlineAction->runWithParams()
#5 /var/www/html/yii/framework/web/CController.php(286): DefaultController->runAction()
#6 /var/www/html/yii/framework/web/CController.php(265): DefaultController->runActionWithFilters()
#7 /var/www/html/yii/framework/web/CWebApplication.php(282): DefaultController->run()
#8 /var/www/html/yii/framework/web/CWebApplication.php(141): CWebApplication->runController()
#9 /var/www/html/yii/framework/base/CApplication.php(185): CWebApplication->processRequest()
#10 /var/www/html/RadarHospital/index.php(13): CWebApplication->run()
REQUEST_URI=/RadarHospital/index.php/Default/createHospital
2018/11/17 19:19:43 [error] [php] Undefined offset: 3 (/var/www/html/RadarHospital/protected/views/default/createHospital.php:170)
Stack trace:
#0 /var/www/html/yii/framework/web/CController.php(872): DefaultController->renderFile()
#1 /var/www/html/yii/framework/web/CController.php(785): DefaultController->renderPartial()
#2 /var/www/html/RadarHospital/protected/controllers/DefaultController.php(550): DefaultController->render()
#3 /var/www/html/yii/framework/web/actions/CInlineAction.php(49): DefaultController->actionCreateHospital()
#4 /var/www/html/yii/framework/web/CController.php(308): CInlineAction->runWithParams()
#5 /var/www/html/yii/framework/web/CController.php(286): DefaultController->runAction()
#6 /var/www/html/yii/framework/web/CController.php(265): DefaultController->runActionWithFilters()
#7 /var/www/html/yii/framework/web/CWebApplication.php(282): DefaultController->run()
#8 /var/www/html/yii/framework/web/CWebApplication.php(141): CWebApplication->runController()
#9 /var/www/html/yii/framework/base/CApplication.php(185): CWebApplication->processRequest()
#10 /var/www/html/RadarHospital/index.php(13): CWebApplication->run()
REQUEST_URI=/RadarHospital/index.php/Default/createHospital
2018/11/17 19:19:43 [error] [php] Undefined offset: 3 (/var/www/html/RadarHospital/protected/views/default/createHospital.php:170)
Stack trace:
#0 /var/www/html/yii/framework/web/CController.php(872): DefaultController->renderFile()
#1 /var/www/html/yii/framework/web/CController.php(785): DefaultController->renderPartial()
#2 /var/www/html/RadarHospital/protected/controllers/DefaultController.php(550): DefaultController->render()
#3 /var/www/html/yii/framework/web/actions/CInlineAction.php(49): DefaultController->actionCreateHospital()
#4 /var/www/html/yii/framework/web/CController.php(308): CInlineAction->runWithParams()
#5 /var/www/html/yii/framework/web/CController.php(286): DefaultController->runAction()
#6 /var/www/html/yii/framework/web/CController.php(265): DefaultController->runActionWithFilters()
#7 /var/www/html/yii/framework/web/CWebApplication.php(282): DefaultController->run()
#8 /var/www/html/yii/framework/web/CWebApplication.php(141): CWebApplication->runController()
#9 /var/www/html/yii/framework/base/CApplication.php(185): CWebApplication->processRequest()
#10 /var/www/html/RadarHospital/index.php(13): CWebApplication->run()
REQUEST_URI=/RadarHospital/index.php/Default/createHospital
2018/11/17 19:19:43 [error] [php] Undefined offset: 3 (/var/www/html/RadarHospital/protected/views/default/createHospital.php:170)
Stack trace:
#0 /var/www/html/yii/framework/web/CController.php(872): DefaultController->renderFile()
#1 /var/www/html/yii/framework/web/CController.php(785): DefaultController->renderPartial()
#2 /var/www/html/RadarHospital/protected/controllers/DefaultController.php(550): DefaultController->render()
#3 /var/www/html/yii/framework/web/actions/CInlineAction.php(49): DefaultController->actionCreateHospital()
#4 /var/www/html/yii/framework/web/CController.php(308): CInlineAction->runWithParams()
#5 /var/www/html/yii/framework/web/CController.php(286): DefaultController->runAction()
#6 /var/www/html/yii/framework/web/CController.php(265): DefaultController->runActionWithFilters()
#7 /var/www/html/yii/framework/web/CWebApplication.php(282): DefaultController->run()
#8 /var/www/html/yii/framework/web/CWebApplication.php(141): CWebApplication->runController()
#9 /var/www/html/yii/framework/base/CApplication.php(185): CWebApplication->processRequest()
#10 /var/www/html/RadarHospital/index.php(13): CWebApplication->run()
REQUEST_URI=/RadarHospital/index.php/Default/createHospital
2018/11/17 19:19:44 [error] [php] Undefined offset: 3 (/var/www/html/RadarHospital/protected/views/default/createHospital.php:170)
Stack trace:
#0 /var/www/html/yii/framework/web/CController.php(872): DefaultController->renderFile()
#1 /var/www/html/yii/framework/web/CController.php(785): DefaultController->renderPartial()
#2 /var/www/html/RadarHospital/protected/controllers/DefaultController.php(550): DefaultController->render()
#3 /var/www/html/yii/framework/web/actions/CInlineAction.php(49): DefaultController->actionCreateHospital()
#4 /var/www/html/yii/framework/web/CController.php(308): CInlineAction->runWithParams()
#5 /var/www/html/yii/framework/web/CController.php(286): DefaultController->runAction()
#6 /var/www/html/yii/framework/web/CController.php(265): DefaultController->runActionWithFilters()
#7 /var/www/html/yii/framework/web/CWebApplication.php(282): DefaultController->run()
#8 /var/www/html/yii/framework/web/CWebApplication.php(141): CWebApplication->runController()
#9 /var/www/html/yii/framework/base/CApplication.php(185): CWebApplication->processRequest()
#10 /var/www/html/RadarHospital/index.php(13): CWebApplication->run()
REQUEST_URI=/RadarHospital/index.php/Default/createHospital
2018/11/17 19:19:44 [error] [php] Undefined offset: 3 (/var/www/html/RadarHospital/protected/views/default/createHospital.php:170)
Stack trace:
#0 /var/www/html/yii/framework/web/CController.php(872): DefaultController->renderFile()
#1 /var/www/html/yii/framework/web/CController.php(785): DefaultController->renderPartial()
#2 /var/www/html/RadarHospital/protected/controllers/DefaultController.php(550): DefaultController->render()
#3 /var/www/html/yii/framework/web/actions/CInlineAction.php(49): DefaultController->actionCreateHospital()
#4 /var/www/html/yii/framework/web/CController.php(308): CInlineAction->runWithParams()
#5 /var/www/html/yii/framework/web/CController.php(286): DefaultController->runAction()
#6 /var/www/html/yii/framework/web/CController.php(265): DefaultController->runActionWithFilters()
#7 /var/www/html/yii/framework/web/CWebApplication.php(282): DefaultController->run()
#8 /var/www/html/yii/framework/web/CWebApplication.php(141): CWebApplication->runController()
#9 /var/www/html/yii/framework/base/CApplication.php(185): CWebApplication->processRequest()
#10 /var/www/html/RadarHospital/index.php(13): CWebApplication->run()
REQUEST_URI=/RadarHospital/index.php/Default/createHospital
2018/11/17 19:19:44 [error] [php] Undefined offset: 3 (/var/www/html/RadarHospital/protected/views/default/createHospital.php:170)
Stack trace:
#0 /var/www/html/yii/framework/web/CController.php(872): DefaultController->renderFile()
#1 /var/www/html/yii/framework/web/CController.php(785): DefaultController->renderPartial()
#2 /var/www/html/RadarHospital/protected/controllers/DefaultController.php(550): DefaultController->render()
#3 /var/www/html/yii/framework/web/actions/CInlineAction.php(49): DefaultController->actionCreateHospital()
#4 /var/www/html/yii/framework/web/CController.php(308): CInlineAction->runWithParams()
#5 /var/www/html/yii/framework/web/CController.php(286): DefaultController->runAction()
#6 /var/www/html/yii/framework/web/CController.php(265): DefaultController->runActionWithFilters()
#7 /var/www/html/yii/framework/web/CWebApplication.php(282): DefaultController->run()
#8 /var/www/html/yii/framework/web/CWebApplication.php(141): CWebApplication->runController()
#9 /var/www/html/yii/framework/base/CApplication.php(185): CWebApplication->processRequest()
#10 /var/www/html/RadarHospital/index.php(13): CWebApplication->run()
REQUEST_URI=/RadarHospital/index.php/Default/createHospital
2018/11/17 19:31:41 [error] [exception.ParseError] ParseError: syntax error, unexpected ']', expecting ',' or ')' in /var/www/html/RadarHospital/protected/views/default/createHospital.php:117
Stack trace:
#0 /var/www/html/yii/framework/web/CBaseController.php(95): CBaseController->renderInternal('/var/www/html/R...', Array, true)
#1 /var/www/html/yii/framework/web/CController.php(872): CBaseController->renderFile('/var/www/html/R...', Array, true)
#2 /var/www/html/yii/framework/web/CController.php(785): CController->renderPartial('createHospital', Array, true)
#3 /var/www/html/RadarHospital/protected/controllers/DefaultController.php(550): CController->render('createHospital', Array)
#4 /var/www/html/yii/framework/web/actions/CInlineAction.php(49): DefaultController->actionCreateHospital()
#5 /var/www/html/yii/framework/web/CController.php(308): CInlineAction->runWithParams(Array)
#6 /var/www/html/yii/framework/web/CController.php(286): CController->runAction(Object(CInlineAction))
#7 /var/www/html/yii/framework/web/CController.php(265): CController->runActionWithFilters(Object(CInlineAction), Array)
#8 /var/www/html/yii/framework/web/CWebApplication.php(282): CController->run('createHospital')
#9 /var/www/html/yii/framework/web/CWebApplication.php(141): CWebApplication->runController('Default/createH...')
#10 /var/www/html/yii/framework/base/CApplication.php(185): CWebApplication->processRequest()
#11 /var/www/html/RadarHospital/index.php(13): CApplication->run()
#12 {main}
REQUEST_URI=/RadarHospital/index.php/Default/createHospital
---
